mode: atomic
github.com/abcxyz/lumberjack/clients/go/pkg/auditopt/config.go:89.51,91.37 2 24
github.com/abcxyz/lumberjack/clients/go/pkg/auditopt/config.go:91.37,93.42 2 24
github.com/abcxyz/lumberjack/clients/go/pkg/auditopt/config.go:96.3,97.17 2 21
github.com/abcxyz/lumberjack/clients/go/pkg/auditopt/config.go:100.3,100.34 1 18
github.com/abcxyz/lumberjack/clients/go/pkg/auditopt/config.go:93.42,95.4 1 3
github.com/abcxyz/lumberjack/clients/go/pkg/auditopt/config.go:97.17,99.4 1 3
github.com/abcxyz/lumberjack/clients/go/pkg/auditopt/config.go:108.47,110.37 2 9
github.com/abcxyz/lumberjack/clients/go/pkg/auditopt/config.go:110.37,111.17 1 9
github.com/abcxyz/lumberjack/clients/go/pkg/auditopt/config.go:116.3,117.77 2 9
github.com/abcxyz/lumberjack/clients/go/pkg/auditopt/config.go:120.3,121.17 2 6
github.com/abcxyz/lumberjack/clients/go/pkg/auditopt/config.go:124.3,124.34 1 6
github.com/abcxyz/lumberjack/clients/go/pkg/auditopt/config.go:111.17,113.4 1 0
github.com/abcxyz/lumberjack/clients/go/pkg/auditopt/config.go:117.77,119.4 1 3
github.com/abcxyz/lumberjack/clients/go/pkg/auditopt/config.go:121.17,123.4 1 0
github.com/abcxyz/lumberjack/clients/go/pkg/auditopt/config.go:142.91,145.41 3 12
github.com/abcxyz/lumberjack/clients/go/pkg/auditopt/config.go:148.2,149.16 2 9
github.com/abcxyz/lumberjack/clients/go/pkg/auditopt/config.go:153.2,153.42 1 9
github.com/abcxyz/lumberjack/clients/go/pkg/auditopt/config.go:156.2,157.16 2 9
github.com/abcxyz/lumberjack/clients/go/pkg/auditopt/config.go:161.2,162.16 2 6
github.com/abcxyz/lumberjack/clients/go/pkg/auditopt/config.go:166.2,171.78 2 3
github.com/abcxyz/lumberjack/clients/go/pkg/auditopt/config.go:145.41,147.3 1 3
github.com/abcxyz/lumberjack/clients/go/pkg/auditopt/config.go:149.16,151.3 1 0
github.com/abcxyz/lumberjack/clients/go/pkg/auditopt/config.go:153.42,155.3 1 9
github.com/abcxyz/lumberjack/clients/go/pkg/auditopt/config.go:157.16,159.3 1 3
github.com/abcxyz/lumberjack/clients/go/pkg/auditopt/config.go:162.16,164.3 1 3
github.com/abcxyz/lumberjack/clients/go/pkg/auditopt/config.go:174.64,178.16 3 33
github.com/abcxyz/lumberjack/clients/go/pkg/auditopt/config.go:181.2,184.16 3 33
github.com/abcxyz/lumberjack/clients/go/pkg/auditopt/config.go:187.2,189.25 2 27
github.com/abcxyz/lumberjack/clients/go/pkg/auditopt/config.go:194.2,194.12 1 27
github.com/abcxyz/lumberjack/clients/go/pkg/auditopt/config.go:178.16,180.3 1 0
github.com/abcxyz/lumberjack/clients/go/pkg/auditopt/config.go:184.16,186.3 1 6
github.com/abcxyz/lumberjack/clients/go/pkg/auditopt/config.go:189.25,190.30 1 81
github.com/abcxyz/lumberjack/clients/go/pkg/auditopt/config.go:190.30,192.4 1 0
github.com/abcxyz/lumberjack/clients/go/pkg/auditopt/config.go:197.72,199.70 2 33
github.com/abcxyz/lumberjack/clients/go/pkg/auditopt/config.go:204.2,205.16 2 33
github.com/abcxyz/lumberjack/clients/go/pkg/auditopt/config.go:208.2,208.36 1 33
github.com/abcxyz/lumberjack/clients/go/pkg/auditopt/config.go:199.70,203.3 3 33
github.com/abcxyz/lumberjack/clients/go/pkg/auditopt/config.go:205.16,207.3 1 0
github.com/abcxyz/lumberjack/clients/go/pkg/auditopt/config.go:211.64,212.67 1 33
github.com/abcxyz/lumberjack/clients/go/pkg/auditopt/config.go:215.2,217.34 3 27
github.com/abcxyz/lumberjack/clients/go/pkg/auditopt/config.go:225.2,226.16 2 27
github.com/abcxyz/lumberjack/clients/go/pkg/auditopt/config.go:229.2,229.34 1 27
github.com/abcxyz/lumberjack/clients/go/pkg/auditopt/config.go:212.67,214.3 1 6
github.com/abcxyz/lumberjack/clients/go/pkg/auditopt/config.go:217.34,219.24 2 0
github.com/abcxyz/lumberjack/clients/go/pkg/auditopt/config.go:219.24,221.4 1 0
github.com/abcxyz/lumberjack/clients/go/pkg/auditopt/config.go:221.9,223.4 1 0
github.com/abcxyz/lumberjack/clients/go/pkg/auditopt/config.go:226.16,228.3 1 0
github.com/abcxyz/lumberjack/clients/go/pkg/auditopt/config.go:266.75,267.87 1 30
github.com/abcxyz/lumberjack/clients/go/pkg/auditopt/config.go:270.2,274.53 2 17
github.com/abcxyz/lumberjack/clients/go/pkg/auditopt/config.go:278.2,278.24 1 17
github.com/abcxyz/lumberjack/clients/go/pkg/auditopt/config.go:267.87,269.3 1 13
github.com/abcxyz/lumberjack/clients/go/pkg/auditopt/config.go:274.53,277.3 2 8
github.com/abcxyz/lumberjack/clients/go/pkg/auditopt/config.go:286.34,289.35 2 69
github.com/abcxyz/lumberjack/clients/go/pkg/auditopt/config.go:298.2,301.10 4 69
github.com/abcxyz/lumberjack/clients/go/pkg/auditopt/config.go:289.35,291.3 1 690
github.com/abcxyz/lumberjack/clients/go/pkg/auditopt/config.go:305.60,307.44 2 60
github.com/abcxyz/lumberjack/clients/go/pkg/auditopt/config.go:311.2,312.42 2 60
github.com/abcxyz/lumberjack/clients/go/pkg/auditopt/config.go:315.2,315.20 1 57
github.com/abcxyz/lumberjack/clients/go/pkg/auditopt/config.go:307.44,309.3 1 0
github.com/abcxyz/lumberjack/clients/go/pkg/auditopt/config.go:312.42,314.3 1 3
